  Validating architecture
  Validating sources
  Copying sources remotely to 'raspberrypi.local'
  Starting remote build
  Compiling sources:
  main.cpp
C:\Users\mt2si\Desktop\projekty\S.O.C Robotic Arm\Robotic Arm\Robotic_Arm_RspPi\Robotic_Arm_RspPi\main.cpp(54,7): warning : unused variable ‘launched’ [-Wunused-variable]
  NetworkCom.cpp
C:\Users\mt2si\Desktop\projekty\S.O.C Robotic Arm\Robotic Arm\Robotic_Arm_RspPi\Robotic_Arm_RspPi\NetworkCom.cpp(41,24): warning : conversion to ‘uint16_t {aka short unsigned int}’ from ‘int’ may alter its value [-Wconversion]
C:\Users\mt2si\Desktop\projekty\S.O.C Robotic Arm\Robotic Arm\Robotic_Arm_RspPi\Robotic_Arm_RspPi\NetworkCom.cpp(72,23): warning : comparison between signed and unsigned integer expressions [-Wsign-compare]
  GPIO.cpp
  PCA9685.cpp
C:\Users\mt2si\Desktop\projekty\S.O.C Robotic Arm\Robotic Arm\Robotic_Arm_RspPi\Robotic_Arm_RspPi\PCA9685.cpp(78,49): warning : conversion to ‘uint8_t {aka unsigned char}’ from ‘double’ may alter its value [-Wfloat-conversion]
C:\Users\mt2si\Desktop\projekty\S.O.C Robotic Arm\Robotic Arm\Robotic_Arm_RspPi\Robotic_Arm_RspPi\PCA9685.cpp(112,28): warning : conversion to ‘uint8_t {aka unsigned char}’ from ‘int’ may alter its value [-Wconversion]
C:\Users\mt2si\Desktop\projekty\S.O.C Robotic Arm\Robotic Arm\Robotic_Arm_RspPi\Robotic_Arm_RspPi\PCA9685.cpp(112,61): warning : conversion to ‘uint8_t {aka unsigned char}’ from ‘int’ may alter its value [-Wconversion]
C:\Users\mt2si\Desktop\projekty\S.O.C Robotic Arm\Robotic Arm\Robotic_Arm_RspPi\Robotic_Arm_RspPi\PCA9685.cpp(114,28): warning : conversion to ‘uint8_t {aka unsigned char}’ from ‘int’ may alter its value [-Wconversion]
C:\Users\mt2si\Desktop\projekty\S.O.C Robotic Arm\Robotic Arm\Robotic_Arm_RspPi\Robotic_Arm_RspPi\PCA9685.cpp(114,61): warning : conversion to ‘uint8_t {aka unsigned char}’ from ‘int’ may alter its value [-Wconversion]
C:\Users\mt2si\Desktop\projekty\S.O.C Robotic Arm\Robotic Arm\Robotic_Arm_RspPi\Robotic_Arm_RspPi\PCA9685.cpp(116,29): warning : conversion to ‘uint8_t {aka unsigned char}’ from ‘int’ may alter its value [-Wconversion]
C:\Users\mt2si\Desktop\projekty\S.O.C Robotic Arm\Robotic Arm\Robotic_Arm_RspPi\Robotic_Arm_RspPi\PCA9685.cpp(116,63): warning : conversion to ‘uint8_t {aka unsigned char}’ from ‘int’ may alter its value [-Wconversion]
C:\Users\mt2si\Desktop\projekty\S.O.C Robotic Arm\Robotic Arm\Robotic_Arm_RspPi\Robotic_Arm_RspPi\PCA9685.cpp(118,29): warning : conversion to ‘uint8_t {aka unsigned char}’ from ‘int’ may alter its value [-Wconversion]
C:\Users\mt2si\Desktop\projekty\S.O.C Robotic Arm\Robotic Arm\Robotic_Arm_RspPi\Robotic_Arm_RspPi\PCA9685.cpp(118,63): warning : conversion to ‘uint8_t {aka unsigned char}’ from ‘int’ may alter its value [-Wconversion]
  Linking objects
  /usr/bin/ld: /home/pi/projects/Robotic_Arm_RspPi/obj/ARM/Debug/main.o: undefined reference to symbol 'pthread_create@@GLIBC_2.4'
  //lib/arm-linux-gnueabihf/libpthread.so.0: error adding symbols: DSO missing from command line
  collect2: error: ld returned 1 exit status
  
/usr/bin/ld : error : undefined reference to symbol 'pthread_create@@GLIBC_2.4'
//lib/arm-linux-gnueabihf/libpthread.so.0 : error : DSO missing from command line
collect2 : error : ld returned 1 exit status
